..\binDebug\OleLinkInfo.ilk
..\binDebug\OleLinkInfo.pdb
E:\moumou1.8\binDebug\OleLinkInfo.exp
E:\MOUMOU1.8\BINDEBUG\OLELINKINFO.ILK
E:\moumou1.8\binDebug\OleLinkInfo.lib
E:\MOUMOU1.8\BINDEBUG\OLELINKINFO.OCX
E:\MOUMOU1.8\BINDEBUG\OLELINKINFO.PDB
E:\moumou1.8\OleLinkInfo\..\binDebug\OleLinkInfo.ocx
E:\moumou1.8\OleLinkInfo\Debug\cl.command.1.tlog
E:\moumou1.8\OleLinkInfo\Debug\CL.read.1.tlog
E:\moumou1.8\OleLinkInfo\Debug\CL.write.1.tlog
E:\MOUMOU1.8\OLELINKINFO\DEBUG\GRAPHICSROUNDRECTPATH.OBJ
E:\moumou1.8\OleLinkInfo\Debug\link.command.1.tlog
E:\moumou1.8\OleLinkInfo\Debug\link.read.1.tlog
E:\moumou1.8\OleLinkInfo\Debug\link.write.1.tlog
E:\moumou1.8\OleLinkInfo\Debug\link-cvtres.read.1.tlog
E:\moumou1.8\OleLinkInfo\Debug\link-cvtres.write.1.tlog
E:\moumou1.8\OleLinkInfo\Debug\midl.command.1.tlog
E:\moumou1.8\OleLinkInfo\Debug\midl.read.1.tlog
E:\moumou1.8\OleLinkInfo\Debug\midl.write.1.tlog
E:\moumou1.8\OleLinkInfo\Debug\midl-midlc.read.1.tlog
E:\moumou1.8\OleLinkInfo\Debug\midl-midlc.write.1.tlog
E:\moumou1.8\OleLinkInfo\Debug\midl-midlc-cl.read.1.tlog
E:\moumou1.8\OleLinkInfo\Debug\mt.command.1.tlog
E:\moumou1.8\OleLinkInfo\Debug\mt.read.1.tlog
E:\moumou1.8\OleLinkInfo\Debug\mt.write.1.tlog
E:\MOUMOU1.8\OLELINKINFO\DEBUG\OLELINKINFO.OBJ
E:\MOUMOU1.8\OLELINKINFO\DEBUG\OLELINKINFO.OCX.EMBED.MANIFEST
E:\MOUMOU1.8\OLELINKINFO\DEBUG\OLELINKINFO.OCX.EMBED.MANIFEST.RES
E:\MOUMOU1.8\OLELINKINFO\DEBUG\OLELINKINFO.OCX.INTERMEDIATE.MANIFEST
E:\MOUMOU1.8\OLELINKINFO\DEBUG\OLELINKINFO.PCH
E:\MOUMOU1.8\OLELINKINFO\DEBUG\OLELINKINFO.RES
E:\MOUMOU1.8\OLELINKINFO\DEBUG\OLELINKINFO.TLB
E:\moumou1.8\OleLinkInfo\Debug\OleLinkInfo.write.1.tlog
E:\moumou1.8\OleLinkInfo\Debug\OleLinkInfo_manifest.rc
E:\MOUMOU1.8\OLELINKINFO\DEBUG\OLELINKINFOCTRL.OBJ
E:\MOUMOU1.8\OLELINKINFO\DEBUG\OLELINKINFOPROPPAGE.OBJ
E:\moumou1.8\OleLinkInfo\Debug\rc.command.1.tlog
E:\moumou1.8\OleLinkInfo\Debug\rc.read.1.tlog
E:\moumou1.8\OleLinkInfo\Debug\rc.write.1.tlog
E:\MOUMOU1.8\OLELINKINFO\DEBUG\STDAFX.OBJ
E:\moumou1.8\OleLinkInfo\Debug\vc100.idb
E:\MOUMOU1.8\OLELINKINFO\DEBUG\VC100.PDB
E:\MOUMOU1.8\OLELINKINFO\OLELINKINFO_I.C
E:\MOUMOU1.8\OLELINKINFO\OLELINKINFOIDL.H
