生成启动时间为 2016/2/18 12:49:12。
     1>项目“E:\moumou_2.2\HmgSkin\HmgSkin\srccsb\coolsb.vcxproj”在节点 2 上(build 个目标)。
     1>InitializeBuildStatus:
         正在创建“.\Release\coolsb.unsuccessfulbuild”，因为已指定“AlwaysCreate”。
       ClCompile:
         d:\Program Files (x86)\Microsoft Visual Studio 10.0\VC\bin\CL.exe /c /I"C:\Program Files (x86)\Visual Leak Detector\include" /Zi /nologo /W3 /WX- /O2 /Ob1 /Oy- /D WIN32 /D NDEBUG /D _LIB /D _VC80_UPGRADE=0x0600 /D _MBCS /GF /Gm- /EHsc /MD /GS /Gy /fp:precise /Zc:wchar_t /Zc:forScope /Fo".\Release\\" /Fd".\Release\vc100.pdb" /Gd /TC /analyze- /errorReport:prompt coolsblib.c coolscroll.c
         coolsblib.c
         coolscroll.c
         正在生成代码...
     1>C:\Program Files (x86)\MSBuild\Microsoft.Cpp\v4.0\Microsoft.CppBuild.targets(1151,5): warning MSB8012: TargetPath(E:\moumou_2.2\HmgSkin\HmgSkin\srccsb\.\Release\coolsb.lib) 与 Library 的 OutputFile 属性值(E:\moumou_2.2\HmgSkin\HmgSkin\coolsb.lib)不匹配。这可能导致项目生成不正确。若要更正此问题，请确保 $(OutDir)、$(TargetName) 和 $(TargetExt) 属性值与 %(Lib.OutputFile) 中指定的值匹配。
       Lib:
         d:\Program Files (x86)\Microsoft Visual Studio 10.0\VC\bin\Lib.exe /OUT:"..\coolsb.lib" /LIBPATH:"C:\Program Files (x86)\Visual Leak Detector\lib\Win32" /NOLOGO .\Release\coolsblib.obj
         .\Release\coolscroll.obj
         coolsb.vcxproj -> E:\moumou_2.2\HmgSkin\HmgSkin\srccsb\.\Release\coolsb.lib
       FinalizeBuildStatus:
         正在删除文件“.\Release\coolsb.unsuccessfulbuild”。
         正在对“.\Release\coolsb.lastbuildstate”执行 Touch 任务。
     1>已完成生成项目“E:\moumou_2.2\HmgSkin\HmgSkin\srccsb\coolsb.vcxproj”(build 个目标)的操作。

生成成功。

已用时间 00:00:02.83
