..\binRelease\OleLinkInfo.pdb
E:\moumou-kefu\binRelease\OleLinkInfo.exp
E:\moumou-kefu\binRelease\OleLinkInfo.lib
E:\MOUMOU-KEFU\BINRELEASE\OLELINKINFO.OCX
E:\MOUMOU-KEFU\BINRELEASE\OLELINKINFO.PDB
E:\MOUMOU-KEFU\OLELINKINFO\OLELINKINFO_I.C
E:\MOUMOU-KEFU\OLELINKINFO\OLELINKINFOIDL.H
E:\MOUMOU-KEFU\OLELINKINFO\RELEASE\GRAPHICSROUNDRECTPATH.OBJ
E:\MOUMOU-KEFU\OLELINKINFO\RELEASE\OLELINKINFO.OBJ
E:\MOUMOU-KEFU\OLELINKINFO\RELEASE\OLELINKINFO.OCX.INTERMEDIATE.MANIFEST
E:\MOUMOU-KEFU\OLELINKINFO\RELEASE\OLELINKINFO.PCH
E:\MOUMOU-KEFU\OLELINKINFO\RELEASE\OLELINKINFO.RES
E:\MOUMOU-KEFU\OLELINKINFO\RELEASE\OLELINKINFO.TLB
E:\MOUMOU-KEFU\OLELINKINFO\RELEASE\OLELINKINFOCTRL.OBJ
E:\MOUMOU-KEFU\OLELINKINFO\RELEASE\OLELINKINFOPROPPAGE.OBJ
E:\MOUMOU-KEFU\OLELINKINFO\RELEASE\STDAFX.OBJ
E:\MOUMOU-KEFU\OLELINKINFO\RELEASE\VC100.PDB
E:\moumou-trunk_0925\OleLinkInfo\..\binRelease\OleLinkInfo.ocx
E:\moumou-trunk_0925\OleLinkInfo\Release\cl.command.1.tlog
E:\moumou-trunk_0925\OleLinkInfo\Release\CL.read.1.tlog
E:\moumou-trunk_0925\OleLinkInfo\Release\CL.write.1.tlog
E:\moumou-trunk_0925\OleLinkInfo\Release\GraphicsRoundRectPath.obj
E:\moumou-trunk_0925\OleLinkInfo\Release\link.command.1.tlog
E:\moumou-trunk_0925\OleLinkInfo\Release\link.read.1.tlog
E:\moumou-trunk_0925\OleLinkInfo\Release\link.write.1.tlog
E:\moumou-trunk_0925\OleLinkInfo\Release\link-cvtres.read.1.tlog
E:\moumou-trunk_0925\OleLinkInfo\Release\link-cvtres.write.1.tlog
E:\moumou-trunk_0925\OleLinkInfo\Release\midl.command.1.tlog
E:\moumou-trunk_0925\OleLinkInfo\Release\midl.read.1.tlog
E:\moumou-trunk_0925\OleLinkInfo\Release\midl.write.1.tlog
E:\moumou-trunk_0925\OleLinkInfo\Release\midl-midlc.read.1.tlog
E:\moumou-trunk_0925\OleLinkInfo\Release\midl-midlc.write.1.tlog
E:\moumou-trunk_0925\OleLinkInfo\Release\midl-midlc-cl.read.1.tlog
E:\moumou-trunk_0925\OleLinkInfo\Release\mt.command.1.tlog
E:\moumou-trunk_0925\OleLinkInfo\Release\mt.read.1.tlog
E:\moumou-trunk_0925\OleLinkInfo\Release\mt.write.1.tlog
E:\moumou-trunk_0925\OleLinkInfo\Release\OleLinkInfo.obj
E:\moumou-trunk_0925\OleLinkInfo\Release\OleLinkInfo.ocx.intermediate.manifest
E:\moumou-trunk_0925\OleLinkInfo\Release\OleLinkInfo.pch
E:\moumou-trunk_0925\OleLinkInfo\Release\OleLinkInfo.res
E:\moumou-trunk_0925\OleLinkInfo\Release\OleLinkInfo.tlb
E:\moumou-trunk_0925\OleLinkInfo\Release\OleLinkInfo.write.1.tlog
E:\moumou-trunk_0925\OleLinkInfo\Release\OleLinkInfoCtrl.obj
E:\moumou-trunk_0925\OleLinkInfo\Release\OleLinkInfoPropPage.obj
E:\moumou-trunk_0925\OleLinkInfo\Release\rc.command.1.tlog
E:\moumou-trunk_0925\OleLinkInfo\Release\rc.read.1.tlog
E:\moumou-trunk_0925\OleLinkInfo\Release\rc.write.1.tlog
E:\moumou-trunk_0925\OleLinkInfo\Release\stdafx.obj
E:\moumou-trunk_0925\OleLinkInfo\Release\vc100.pdb
